{"numFailedTestSuites":1,"numFailedTests":0,"numPassedTestSuites":33,"numPassedTests":292,"numPendingTestSuites":0,"numPendingTests":0,"numRuntimeErrorTestSuites":1,"numTodoTests":0,"numTotalTestSuites":34,"numTotalTests":292,"openHandles":[],"snapshot":{"added":0,"didUpdate":false,"failure":false,"filesAdded":0,"filesRemoved":0,"filesRemovedList":[],"filesUnmatched":0,"filesUpdated":0,"matched":0,"total":0,"unchecked":0,"uncheckedKeysByFile":[],"unmatched":0,"updated":0},"startTime":1789333006578,"success":false,"testResults":[{"assertionResults":[{"ancestorTitles":["GameAssetFetcherTool","suggest_packs"],"duration":8,"failing":false,"failureDetails":[],"failureMessages":[],"fullName":"GameAssetFetcherTool suggest_packs returns all packs when no query","invocations":1,"location":null,"numPassingAsserts":2,"retryReasons":[],"startAt":1789333007823,"status":"passed","title":"returns all packs when no query"},{"ancestorTitles":["GameAssetFetcherTool","suggest_packs"],"duration":1,"failing":false,"failureDetails":[],"failureMessages":[],"fullName":"GameAssetFetcherTool suggest_packs filters by keyword in tags","invocations":1,"location":null,"numPassingAsserts":3,"retryReasons":[],"startAt":1789333007832,"status":"passed","title":"filters by keyword in tags"},{"ancestorTitles":["GameAssetFetcherTool","suggest_packs"],"duration":1,"failing":false,"failureDetails":[],"failureMessages":[],"fullName":"GameAssetFetcherTool suggest_packs filters by keyword in name","invocations":1,"location":null,"numPassingAsserts":1,"retryReasons":[],"startAt":1789333007833,"status":"passed","title":"filters by keyword in name"},{"ancestorTitles":["GameAssetFetcherTool","suggest_packs"],"duration":1,"failing":false,"failureDetails":[],"failureMessages":[],"fullName":"GameAssetFetcherTool suggest_packs returns empty array for unmatched query","invocations":1,"location":null,"numPassingAsserts":2,"retryReasons":[],"startAt":1789333007834,"status":"passed","title":"returns empty array for unmatched query"},{"ancestorTitles":["GameAssetFetcherTool","suggest_packs"],"duration":1,"failing":false,"failureDetails":[],"failureMessages":[],"fullName":"GameAssetFetcherTool suggest_packs all packs have CC0 license","invocations":1,"location":null,"numPassingAsserts":8,"retryReasons":[],"startAt":1789333007835,"status":"passed","title":"all packs have CC0 license"},{"ancestorTitles":["GameAssetFetcherTool","suggest_packs"],"duration":1,"failing":false,"failureDetails":[],"failureMessages":[],"fullName":"GameAssetFetcherTool suggest_packs all packs have pageUrl pointing to kenney.nl","invocations":1,"location":null,"numPassingAsserts":8,"retryReasons":[],"startAt":1789333007836,"status":"passed","title":"all packs have pageUrl pointing to kenney.nl"},{"ancestorTitles":["GameAssetFetcherTool","suggest_packs"],"duration":1,"failing":false,"failureDetails":[],"failureMessages":[],"fullName":"GameAssetFetcherTool suggest_packs respects limit parameter","invocations":1,"location":null,"numPassingAsserts":1,"retryReasons":[],"startAt":1789333007837,"status":"passed","title":"respects limit parameter"},{"ancestorTitles":["GameAssetFetcherTool","suggest_packs"],"duration":1,"failing":false,"failureDetails":[],"failureMessages":[],"fullName":"GameAssetFetcherTool suggest_packs includes tip about next steps","invocations":1,"location":null,"numPassingAsserts":2,"retryReasons":[],"startAt":1789333007838,"status":"passed","title":"includes tip about next steps"},{"ancestorTitles":["GameAssetFetcherTool","suggest_packs"],"duration":1,"failing":false,"failureDetails":[],"failureMessages":[],"fullName":"GameAssetFetcherTool suggest_packs packs have required shape","invocations":1,"location":null,"numPassingAsserts":7,"retryReasons":[],"startAt":1789333007839,"status":"passed","title":"packs have required shape"},{"ancestorTitles":["GameAssetFetcherTool","search"],"duration":0,"failing":false,"failureDetails":[],"failureMessages":[],"fullName":"GameAssetFetcherTool search returns error when query is empty","invocations":1,"location":null,"numPassingAsserts":2,"retryReasons":[],"startAt":1789333007841,"status":"passed","title":"returns error when query is empty"},{"ancestorTitles":["GameAssetFetcherTool","search"],"duration":0,"failing":false,"failureDetails":[],"failureMessages":[],"fullName":"GameAssetFetcherTool search returns error when query is whitespace only","invocations":1,"location":null,"numPassingAsserts":1,"retryReasons":[],"startAt":1789333007842,"status":"passed","title":"returns error when query is whitespace only"},{"ancestorTitles":["GameAssetFetcherTool","download"],"duration":4,"failing":false,"failureDetails":[],"failureMessages":[],"fullName":"GameAssetFetcherTool download returns error when url is missing","invocations":1,"location":null,"numPassingAsserts":2,"retryReasons":[],"startAt":1789333007842,"status":"passed","title":"returns error when url is missing"},{"ancestorTitles":["GameAssetFetcherTool","download"],"duration":42,"failing":false,"failureDetails":[],"failureMessages":[],"fullName":"GameAssetFetcherTool download returns error for invalid/unreachable URL","invocations":1,"location":null,"numPassingAsserts":2,"retryReasons":[],"startAt":1789333007846,"status":"passed","title":"returns error for invalid/unreachable URL"},{"ancestorTitles":["GameAssetFetcherTool","download"],"duration":84,"failing":false,"failureDetails":[],"failureMessages":[],"fullName":"GameAssetFetcherTool download creates destDir if it does not exist","invocations":1,"location":null,"numPassingAsserts":1,"retryReasons":[],"startAt":1789333007889,"status":"passed","title":"creates destDir if it does not exist"},{"ancestorTitles":["GameAssetFetcherTool","download"],"duration":3,"failing":false,"failureDetails":[],"failureMessages":[],"fullName":"GameAssetFetcherTool download nextStep mentions extract command for zip","invocations":1,"location":null,"numPassingAsserts":1,"retryReasons":[],"startAt":1789333007973,"status":"passed","title":"nextStep mentions extract command for zip"},{"ancestorTitles":["GameWorldTool — pickAsset reference exclusion"],"duration":2,"failing":false,"failureDetails":[],"failureMessages":[],"fullName":"GameWorldTool — pickAsset reference exclusion concept art in manifest is never used as a floor tile","invocations":1,"location":null,"numPassingAsserts":3,"retryReasons":[],"startAt":1789333007996,"status":"passed","title":"concept art in manifest is never used as a floor tile"},{"ancestorTitles":["GameWorldTool — pickAsset reference exclusion"],"duration":0,"failing":false,"failureDetails":[],"failureMessages":[],"fullName":"GameWorldTool — pickAsset reference exclusion background image is never used as a tile even if it has floor tags","invocations":1,"location":null,"numPassingAsserts":3,"retryReasons":[],"startAt":1789333007999,"status":"passed","title":"background image is never used as a tile even if it has floor tags"},{"ancestorTitles":["GameWorldTool — audit missing essential sources"],"duration":2,"failing":false,"failureDetails":[],"failureMessages":[],"fullName":"GameWorldTool — audit missing essential sources missing essentials each have a source link","invocations":1,"location":null,"numPassingAsserts":16,"retryReasons":[],"startAt":1789333008000,"status":"passed","title":"missing essentials each have a source link"},{"ancestorTitles":["GameWorldTool — audit missing essential sources"],"duration":1,"failing":false,"failureDetails":[],"failureMessages":[],"fullName":"GameWorldTool — audit missing essential sources floor_tile source points to kenney tiny-dungeon or pixel-platformer","invocations":1,"location":null,"numPassingAsserts":2,"retryReasons":[],"startAt":1789333008002,"status":"passed","title":"floor_tile source points to kenney tiny-dungeon or pixel-platformer"}],"endTime":1789333008005,"message":"","name":"C:\\Users\\barry\\Desktop\\MAX\\test\\unit\\tools\\GameAssetFetcher.test.js","startTime":1789333007047,"status":"passed","summary":""},{"assertionResults":[{"ancestorTitles":["GameWorldTool pure world helpers","auditAssetManifest"],"duration":8,"failing":false,"failureDetails":[],"failureMessages":[],"fullName":"GameWorldTool pure world helpers auditAssetManifest classifies concept art as reference-only and blocks playable readiness when essentials are missing","invocations":1,"location":null,"numPassingAsserts":5,"retryReasons":[],"startAt":1789333007837,"status":"passed","title":"classifies concept art as reference-only and blocks playable readiness when essentials are missing"},{"ancestorTitles":["GameWorldTool pure world helpers","auditAssetManifest"],"duration":1,"failing":false,"failureDetails":[],"failureMessages":[],"fullName":"GameWorldTool pure world helpers auditAssetManifest marks unclassified assets as needs-metadata","invocations":1,"location":null,"numPassingAsserts":2,"retryReasons":[],"startAt":1789333007846,"status":"passed","title":"marks unclassified assets as needs-metadata"},{"ancestorTitles":["GameWorldTool pure world helpers","auditAssetManifest"],"duration":3,"failing":false,"failureDetails":[],"failureMessages":[],"fullName":"GameWorldTool pure world helpers auditAssetManifest recognizes a complete minimal 2D prototype asset set","invocations":1,"location":null,"numPassingAsserts":2,"retryReasons":[],"startAt":1789333007847,"status":"passed","title":"recognizes a complete minimal 2D prototype asset set"},{"ancestorTitles":["GameWorldTool pure world helpers","generateWorldFromManifest"],"duration":13,"failing":false,"failureDetails":[],"failureMessages":[],"fullName":"GameWorldTool pure world helpers generateWorldFromManifest creates a structured animated 2D world from available assets","invocations":1,"location":null,"numPassingAsserts":6,"retryReasons":[],"startAt":1789333007850,"status":"passed","title":"creates a structured animated 2D world from available assets"},{"ancestorTitles":["GameWorldTool pure world helpers","generateWorldFromManifest"],"duration":2,"failing":false,"failureDetails":[],"failureMessages":[],"fullName":"GameWorldTool pure world helpers generateWorldFromManifest returns error when manifest has no assets","invocations":1,"location":null,"numPassingAsserts":2,"retryReasons":[],"startAt":1789333007863,"status":"passed","title":"returns error when manifest has no assets"},{"ancestorTitles":["GameWorldTool pure world helpers","generateWorldFromManifest"],"duration":1,"failing":false,"failureDetails":[],"failureMessages":[],"fullName":"GameWorldTool pure world helpers generateWorldFromManifest returns error when manifest is null/undefined","invocations":1,"location":null,"numPassingAsserts":1,"retryReasons":[],"startAt":1789333007865,"status":"passed","title":"returns error when manifest is null/undefined"},{"ancestorTitles":["GameWorldTool pure world helpers","generateWorldFromManifest"],"duration":1,"failing":false,"failureDetails":[],"failureMessages":[],"fullName":"GameWorldTool pure world helpers generateWorldFromManifest works with a single-asset manifest (only floor tile)","invocations":1,"location":null,"numPassingAsserts":2,"retryReasons":[],"startAt":1789333007866,"status":"passed","title":"works with a single-asset manifest (only floor tile)"},{"ancestorTitles":["GameWorldTool pure world helpers","generateWorldFromManifest"],"duration":1,"failing":false,"failureDetails":[],"failureMessages":[],"fullName":"GameWorldTool pure world helpers generateWorldFromManifest collision border is fully blocked","invocations":1,"location":null,"numPassingAsserts":4,"retryReasons":[],"startAt":1789333007867,"status":"passed","title":"collision border is fully blocked"},{"ancestorTitles":["GameWorldTool pure world helpers","generateWorldFromManifest"],"duration":1,"failing":false,"failureDetails":[],"failureMessages":[],"fullName":"GameWorldTool pure world helpers generateWorldFromManifest interior wall tiles are set as collision=1","invocations":1,"location":null,"numPassingAsserts":2,"retryReasons":[],"startAt":1789333007868,"status":"passed","title":"interior wall tiles are set as collision=1"},{"ancestorTitles":["GameWorldTool pure world helpers","generateWorldFromManifest"],"duration":2,"failing":false,"failureDetails":[],"failureMessages":[],"fullName":"GameWorldTool pure world helpers generateWorldFromManifest paths between zones are navigable (collision=0)","invocations":1,"location":null,"numPassingAsserts":1,"retryReasons":[],"startAt":1789333007869,"status":"passed","title":"paths between zones are navigable (collision=0)"},{"ancestorTitles":["GameWorldTool pure world helpers","generateWorldFromManifest"],"duration":1,"failing":false,"failureDetails":[],"failureMessages":[],"fullName":"GameWorldTool pure world helpers generateWorldFromManifest world includes schema, zones, paths, animationNotes, prototypeFirst","invocations":1,"location":null,"numPassingAsserts":6,"retryReasons":[],"startAt":1789333007871,"status":"passed","title":"world includes schema, zones, paths, animationNotes, prototypeFirst"},{"ancestorTitles":["GameWorldTool pure world helpers","validateWorld"],"duration":2,"failing":false,"failureDetails":[],"failureMessages":[],"fullName":"GameWorldTool pure world helpers validateWorld reports success when all object assets exist","invocations":1,"location":null,"numPassingAsserts":3,"retryReasons":[],"startAt":1789333007872,"status":"passed","title":"reports success when all object assets exist"},{"ancestorTitles":["GameWorldTool pure world helpers","validateWorld"],"duration":1,"failing":false,"failureDetails":[],"failureMessages":[],"fullName":"GameWorldTool pure world helpers validateWorld reports missing assets","invocations":1,"location":null,"numPassingAsserts":2,"retryReasons":[],"startAt":1789333007874,"status":"passed","title":"reports missing assets"},{"ancestorTitles":["GameWorldTool pure world helpers","validateWorld"],"duration":1,"failing":false,"failureDetails":[],"failureMessages":[],"fullName":"GameWorldTool pure world helpers validateWorld deduplicates missing asset IDs","invocations":1,"location":null,"numPassingAsserts":1,"retryReasons":[],"startAt":1789333007875,"status":"passed","title":"deduplicates missing asset IDs"},{"ancestorTitles":["GameWorldTool pure world helpers","validateWorld"],"duration":0,"failing":false,"failureDetails":[],"failureMessages":[],"fullName":"GameWorldTool pure world helpers validateWorld reports dimension failure when collision grid is wrong size","invocations":1,"location":null,"numPassingAsserts":2,"retryReasons":[],"startAt":1789333007877,"status":"passed","title":"reports dimension failure when collision grid is wrong size"},{"ancestorTitles":["GameWorldTool pure world helpers","validateWorld"],"duration":1,"failing":false,"failureDetails":[],"failureMessages":[],"fullName":"GameWorldTool pure world helpers validateWorld handles null world gracefully","invocations":1,"location":null,"numPassingAsserts":1,"retryReasons":[],"startAt":1789333007877,"status":"passed","title":"handles null world gracefully"},{"ancestorTitles":["GameWorldTool pure world helpers","renderWorldHtml"],"duration":2,"failing":false,"failureDetails":[],"failureMessages":[],"fullName":"GameWorldTool pure world helpers renderWorldHtml includes sprite paths and flicker animation style","invocations":1,"location":null,"numPassingAsserts":3,"retryReasons":[],"startAt":1789333007878,"status":"passed","title":"includes sprite paths and flicker animation style"},{"ancestorTitles":["GameWorldTool pure world helpers","renderWorldHtml"],"duration":1,"failing":false,"failureDetails":[],"failureMessages":[],"fullName":"GameWorldTool pure world helpers renderWorldHtml escapes HTML special characters in title and theme","invocations":1,"location":null,"numPassingAsserts":3,"retryReasons":[],"startAt":1789333007880,"status":"passed","title":"escapes HTML special characters in title and theme"},{"ancestorTitles":["GameWorldTool pure world helpers","renderWorldHtml"],"duration":0,"failing":false,"failureDetails":[],"failureMessages":[],"fullName":"GameWorldTool pure world helpers renderWorldHtml produces valid HTML structure","invocations":1,"location":null,"numPassingAsserts":3,"retryReasons":[],"startAt":1789333007882,"status":"passed","title":"produces valid HTML structure"},{"ancestorTitles":["GameWorldTool pure world helpers","generate_world action audit gate"],"duration":95,"failing":false,"failureDetails":[],"failureMessages":[],"fullName":"GameWorldTool pure world helpers generate_world action audit gate blocks generation when manifest only has reference/concept art","invocations":1,"location":null,"numPassingAsserts":4,"retryReasons":[],"startAt":1789333007882,"status":"passed","title":"blocks generation when manifest only has reference/concept art"},{"ancestorTitles":["GameWorldTool pure world helpers","generate_world action audit gate"],"duration":20,"failing":false,"failureDetails":[],"failureMessages":[],"fullName":"GameWorldTool pure world helpers generate_world action audit gate allows generation when audit passes with full production asset set","invocations":1,"location":null,"numPassingAsserts":2,"retryReasons":[],"startAt":1789333007977,"status":"passed","title":"allows generation when audit passes with full production asset set"},{"ancestorTitles":["GameWorldTool pure world helpers","generate_world action audit gate"],"duration":9,"failing":false,"failureDetails":[],"failureMessages":[],"fullName":"GameWorldTool pure world helpers generate_world action audit gate skipAudit bypasses the gate","invocations":1,"location":null,"numPassingAsserts":1,"retryReasons":[],"startAt":1789333007997,"status":"passed","title":"skipAudit bypasses the gate"}],"endTime":1789333008009,"message":"","name":"C:\\Users\\barry\\Desktop\\MAX\\test\\unit\\tools\\GameWorldTool.test.js","startTime":1789333007036,"status":"passed","summary":""},{"assertionResults":[{"ancestorTitles":["GameCodeTool","list_templates"],"duration":2,"failing":false,"failureDetails":[],"failureMessages":[],"fullName":"GameCodeTool list_templates returns all 6 template types","invocations":1,"location":null,"numPassingAsserts":8,"retryReasons":[],"startAt":1789333008217,"status":"passed","title":"returns all 6 template types"},{"ancestorTitles":["GameCodeTool","list_templates"],"duration":1,"failing":false,"failureDetails":[],"failureMessages":[],"fullName":"GameCodeTool list_templates canvas types have framework=canvas","invocations":1,"location":null,"numPassingAsserts":3,"retryReasons":[],"startAt":1789333008219,"status":"passed","title":"canvas types have framework=canvas"},{"ancestorTitles":["GameCodeTool","list_templates"],"duration":0,"failing":false,"failureDetails":[],"failureMessages":[],"fullName":"GameCodeTool list_templates phaser types have framework=phaser","invocations":1,"location":null,"numPassingAsserts":3,"retryReasons":[],"startAt":1789333008220,"status":"passed","title":"phaser types have framework=phaser"},{"ancestorTitles":["GameCodeTool","scaffold - canvas games"],"duration":17,"failing":false,"failureDetails":[],"failureMessages":[],"fullName":"GameCodeTool scaffold - canvas games generates pong as a single .html file","invocations":1,"location":null,"numPassingAsserts":6,"retryReasons":[],"startAt":1789333008220,"status":"passed","title":"generates pong as a single .html file"},{"ancestorTitles":["GameCodeTool","scaffold - canvas games"],"duration":5,"failing":false,"failureDetails":[],"failureMessages":[],"fullName":"GameCodeTool scaffold - canvas games pong html has game loop and collision logic","invocations":1,"location":null,"numPassingAsserts":2,"retryReasons":[],"startAt":1789333008238,"status":"passed","title":"pong html has game loop and collision logic"},{"ancestorTitles":["GameCodeTool","scaffold - canvas games"],"duration":4,"failing":false,"failureDetails":[],"failureMessages":[],"fullName":"GameCodeTool scaffold - canvas games generates snake as .html file","invocations":1,"location":null,"numPassingAsserts":4,"retryReasons":[],"startAt":1789333008244,"status":"passed","title":"generates snake as .html file"},{"ancestorTitles":["GameCodeTool","scaffold - canvas games"],"duration":4,"failing":false,"failureDetails":[],"failureMessages":[],"fullName":"GameCodeTool scaffold - canvas games generates breakout as .html file","invocations":1,"location":null,"numPassingAsserts":3,"retryReasons":[],"startAt":1789333008249,"status":"passed","title":"generates breakout as .html file"},{"ancestorTitles":["GameCodeTool","scaffold - canvas games"],"duration":5,"failing":false,"failureDetails":[],"failureMessages":[],"fullName":"GameCodeTool scaffold - canvas games custom width and height are embedded in canvas games","invocations":1,"location":null,"numPassingAsserts":2,"retryReasons":[],"startAt":1789333008254,"status":"passed","title":"custom width and height are embedded in canvas games"},{"ancestorTitles":["GameCodeTool","scaffold - phaser games"],"duration":5,"failing":false,"failureDetails":[],"failureMessages":[],"fullName":"GameCodeTool scaffold - phaser games generates platformer with Phaser CDN","invocations":1,"location":null,"numPassingAsserts":5,"retryReasons":[],"startAt":1789333008259,"status":"passed","title":"generates platformer with Phaser CDN"},{"ancestorTitles":["GameCodeTool","scaffold - phaser games"],"duration":6,"failing":false,"failureDetails":[],"failureMessages":[],"fullName":"GameCodeTool scaffold - phaser games generates top-down game","invocations":1,"location":null,"numPassingAsserts":3,"retryReasons":[],"startAt":1789333008264,"status":"passed","title":"generates top-down game"},{"ancestorTitles":["GameCodeTool","scaffold - phaser games"],"duration":4,"failing":false,"failureDetails":[],"failureMessages":[],"fullName":"GameCodeTool scaffold - phaser games generates shooter game","invocations":1,"location":null,"numPassingAsserts":3,"retryReasons":[],"startAt":1789333008270,"status":"passed","title":"generates shooter game"},{"ancestorTitles":["GameCodeTool","scaffold - phaser games"],"duration":4,"failing":false,"failureDetails":[],"failureMessages":[],"fullName":"GameCodeTool scaffold - phaser games phaser games include WASD movement code","invocations":1,"location":null,"numPassingAsserts":1,"retryReasons":[],"startAt":1789333008274,"status":"passed","title":"phaser games include WASD movement code"},{"ancestorTitles":["GameCodeTool","scaffold - error cases"],"duration":1,"failing":false,"failureDetails":[],"failureMessages":[],"fullName":"GameCodeTool scaffold - error cases returns error for unknown type","invocations":1,"location":null,"numPassingAsserts":3,"retryReasons":[],"startAt":1789333008279,"status":"passed","title":"returns error for unknown type"},{"ancestorTitles":["GameCodeTool","scaffold - error cases"],"duration":7,"failing":false,"failureDetails":[],"failureMessages":[],"fullName":"GameCodeTool scaffold - error cases creates outDir if it does not exist","invocations":1,"location":null,"numPassingAsserts":2,"retryReasons":[],"startAt":1789333008280,"status":"passed","title":"creates outDir if it does not exist"},{"ancestorTitles":["GameCodeTool","scaffold - error cases"],"duration":4,"failing":false,"failureDetails":[],"failureMessages":[],"fullName":"GameCodeTool scaffold - error cases slug is safe filename (title with special chars)","invocations":1,"location":null,"numPassingAsserts":2,"retryReasons":[],"startAt":1789333008287,"status":"passed","title":"slug is safe filename (title with special chars)"},{"ancestorTitles":["GameCodeTool","from_world"],"duration":9,"failing":false,"failureDetails":[],"failureMessages":[],"fullName":"GameCodeTool from_world generates a Phaser HTML game from world JSON","invocations":1,"location":null,"numPassingAsserts":4,"retryReasons":[],"startAt":1789333008291,"status":"passed","title":"generates a Phaser HTML game from world JSON"},{"ancestorTitles":["GameCodeTool","from_world"],"duration":9,"failing":false,"failureDetails":[],"failureMessages":[],"fullName":"GameCodeTool from_world includes asset preload calls for used tiles","invocations":1,"location":null,"numPassingAsserts":2,"retryReasons":[],"startAt":1789333008300,"status":"passed","title":"includes asset preload calls for used tiles"},{"ancestorTitles":["GameCodeTool","from_world"],"duration":9,"failing":false,"failureDetails":[],"failureMessages":[],"fullName":"GameCodeTool from_world includes collision wall data","invocations":1,"location":null,"numPassingAsserts":2,"retryReasons":[],"startAt":1789333008309,"status":"passed","title":"includes collision wall data"},{"ancestorTitles":["GameCodeTool","from_world"],"duration":4,"failing":false,"failureDetails":[],"failureMessages":[],"fullName":"GameCodeTool from_world returns error when worldPath is missing","invocations":1,"location":null,"numPassingAsserts":2,"retryReasons":[],"startAt":1789333008318,"status":"passed","title":"returns error when worldPath is missing"},{"ancestorTitles":["GameCodeTool","from_world"],"duration":6,"failing":false,"failureDetails":[],"failureMessages":[],"fullName":"GameCodeTool from_world returns error when world schema is wrong","invocations":1,"location":null,"numPassingAsserts":2,"retryReasons":[],"startAt":1789333008322,"status":"passed","title":"returns error when world schema is wrong"},{"ancestorTitles":["GameCodeTool","from_world"],"duration":5,"failing":false,"failureDetails":[],"failureMessages":[],"fullName":"GameCodeTool from_world returns error when file does not exist","invocations":1,"location":null,"numPassingAsserts":2,"retryReasons":[],"startAt":1789333008329,"status":"passed","title":"returns error when file does not exist"}],"endTime":1789333008335,"message":"","name":"C:\\Users\\barry\\Desktop\\MAX\\test\\unit\\tools\\GameCodeTool.test.js","startTime":1789333008018,"status":"passed","summary":""},{"assertionResults":[{"ancestorTitles":["WorkspaceEditArbiter","propose()"],"duration":17,"failing":false,"failureDetails":[],"failureMessages":[],"fullName":"WorkspaceEditArbiter propose() returns success:true with an editId string","invocations":1,"location":null,"numPassingAsserts":3,"retryReasons":[],"startAt":1789333008192,"status":"passed","title":"returns success:true with an editId string"},{"ancestorTitles":["WorkspaceEditArbiter","propose()"],"duration":1,"failing":false,"failureDetails":[],"failureMessages":[],"fullName":"WorkspaceEditArbiter propose() adds proposal to pendingEdits","invocations":1,"location":null,"numPassingAsserts":2,"retryReasons":[],"startAt":1789333008210,"status":"passed","title":"adds proposal to pendingEdits"},{"ancestorTitles":["WorkspaceEditArbiter","propose()"],"duration":2,"failing":false,"failureDetails":[],"failureMessages":[],"fullName":"WorkspaceEditArbiter propose() emits editProposed event with proposal shape","invocations":1,"location":null,"numPassingAsserts":3,"retryReasons":[],"startAt":1789333008211,"status":"passed","title":"emits editProposed event with proposal shape"},{"ancestorTitles":["WorkspaceEditArbiter","propose()"],"duration":73,"failing":false,"failureDetails":[],"failureMessages":[],"fullName":"WorkspaceEditArbiter propose() auto-applies via tools.execute after timeout when no IDE response","invocations":1,"location":null,"numPassingAsserts":2,"retryReasons":[],"startAt":1789333008213,"status":"passed","title":"auto-applies via tools.execute after timeout when no IDE response"},{"ancestorTitles":["WorkspaceEditArbiter","propose()"],"duration":107,"failing":false,"failureDetails":[],"failureMessages":[],"fullName":"WorkspaceEditArbiter propose() does NOT auto-apply if accepted before timeout","invocations":1,"location":null,"numPassingAsserts":1,"retryReasons":[],"startAt":1789333008286,"status":"passed","title":"does NOT auto-apply if accepted before timeout"},{"ancestorTitles":["WorkspaceEditArbiter","accept()"],"duration":1,"failing":false,"failureDetails":[],"failureMessages":[],"fullName":"WorkspaceEditArbiter accept() calls tools.execute with the proposal params","invocations":1,"location":null,"numPassingAsserts":2,"retryReasons":[],"startAt":1789333008393,"status":"passed","title":"calls tools.execute with the proposal params"},{"ancestorTitles":["WorkspaceEditArbiter","accept()"],"duration":0,"failing":false,"failureDetails":[],"failureMessages":[],"fullName":"WorkspaceEditArbiter accept() removes edit from pendingEdits after accept","invocations":1,"location":null,"numPassingAsserts":1,"retryReasons":[],"startAt":1789333008395,"status":"passed","title":"removes edit from pendingEdits after accept"},{"ancestorTitles":["WorkspaceEditArbiter","accept()"],"duration":0,"failing":false,"failureDetails":[],"failureMessages":[],"fullName":"WorkspaceEditArbiter accept() emits editApplied event","invocations":1,"location":null,"numPassingAsserts":1,"retryReasons":[],"startAt":1789333008396,"status":"passed","title":"emits editApplied event"},{"ancestorTitles":["WorkspaceEditArbiter","accept()"],"duration":1,"failing":false,"failureDetails":[],"failureMessages":[],"fullName":"WorkspaceEditArbiter accept() returns error when editId not found","invocations":1,"location":null,"numPassingAsserts":2,"retryReasons":[],"startAt":1789333008396,"status":"passed","title":"returns error when editId not found"},{"ancestorTitles":["WorkspaceEditArbiter","reject()"],"duration":1,"failing":false,"failureDetails":[],"failureMessages":[],"fullName":"WorkspaceEditArbiter reject() removes edit from pendingEdits","invocations":1,"location":null,"numPassingAsserts":1,"retryReasons":[],"startAt":1789333008397,"status":"passed","title":"removes edit from pendingEdits"},{"ancestorTitles":["WorkspaceEditArbiter","reject()"],"duration":1,"failing":false,"failureDetails":[],"failureMessages":[],"fullName":"WorkspaceEditArbiter reject() emits editRejected event","invocations":1,"location":null,"numPassingAsserts":1,"retryReasons":[],"startAt":1789333008398,"status":"passed","title":"emits editRejected event"},{"ancestorTitles":["WorkspaceEditArbiter","reject()"],"duration":1,"failing":false,"failureDetails":[],"failureMessages":[],"fullName":"WorkspaceEditArbiter reject() returns success:false for unknown editId","invocations":1,"location":null,"numPassingAsserts":1,"retryReasons":[],"startAt":1789333008399,"status":"passed","title":"returns success:false for unknown editId"},{"ancestorTitles":["WorkspaceEditArbiter","reject()"],"duration":87,"failing":false,"failureDetails":[],"failureMessages":[],"fullName":"WorkspaceEditArbiter reject() does NOT trigger auto-apply after reject","invocations":1,"location":null,"numPassingAsserts":1,"retryReasons":[],"startAt":1789333008400,"status":"passed","title":"does NOT trigger auto-apply after reject"},{"ancestorTitles":["WorkspaceEditArbiter","getStatus()"],"duration":2,"failing":false,"failureDetails":[],"failureMessages":[],"fullName":"WorkspaceEditArbiter getStatus() reflects current pending count","invocations":1,"location":null,"numPassingAsserts":1,"retryReasons":[],"startAt":1789333008487,"status":"passed","title":"reflects current pending count"},{"ancestorTitles":["WorkspaceEditArbiter","getStatus()"],"duration":1,"failing":false,"failureDetails":[],"failureMessages":[],"fullName":"WorkspaceEditArbiter getStatus() includes active proposal list","invocations":1,"location":null,"numPassingAsserts":3,"retryReasons":[],"startAt":1789333008489,"status":"passed","title":"includes active proposal list"}],"endTime":1789333008492,"message":"","name":"C:\\Users\\barry\\Desktop\\MAX\\test\\unit\\core\\WorkspaceEditArbiter.test.js","startTime":1789333008020,"status":"passed","summary":""},{"assertionResults":[{"ancestorTitles":["VonStrata Structures","TransformRegistry"],"duration":3,"failing":false,"failureDetails":[],"failureMessages":[],"fullName":"VonStrata Structures TransformRegistry has all bootstrap primitives registered and sealed","invocations":1,"location":null,"numPassingAsserts":6,"retryReasons":[],"startAt":1789333008518,"status":"passed","title":"has all bootstrap primitives registered and sealed"},{"ancestorTitles":["VonStrata Structures","TransformRegistry"],"duration":30,"failing":false,"failureDetails":[],"failureMessages":[],"fullName":"VonStrata Structures TransformRegistry throws an error if attempting to register after seal","invocations":1,"location":null,"numPassingAsserts":1,"retryReasons":[],"startAt":1789333008522,"status":"passed","title":"throws an error if attempting to register after seal"},{"ancestorTitles":["VonStrata Structures","StratumCell & Execution"],"duration":1,"failing":false,"failureDetails":[],"failureMessages":[],"fullName":"VonStrata Structures StratumCell & Execution executes a primitive transform on a payload","invocations":1,"location":null,"numPassingAsserts":2,"retryReasons":[],"startAt":1789333008552,"status":"passed","title":"executes a primitive transform on a payload"},{"ancestorTitles":["VonStrata Structures","StratumCell & Execution"],"duration":1,"failing":false,"failureDetails":[],"failureMessages":[],"fullName":"VonStrata Structures StratumCell & Execution executes double primitive on a number","invocations":1,"location":null,"numPassingAsserts":2,"retryReasons":[],"startAt":1789333008553,"status":"passed","title":"executes double primitive on a number"},{"ancestorTitles":["VonStrata Structures","StratumCell & Execution"],"duration":0,"failing":false,"failureDetails":[],"failureMessages":[],"fullName":"VonStrata Structures StratumCell & Execution executes strip_ansi on terminal text with color escapes","invocations":1,"location":null,"numPassingAsserts":1,"retryReasons":[],"startAt":1789333008554,"status":"passed","title":"executes strip_ansi on terminal text with color escapes"},{"ancestorTitles":["VonStrata Structures","StratumCell & Execution"],"duration":1,"failing":false,"failureDetails":[],"failureMessages":[],"fullName":"VonStrata Structures StratumCell & Execution executes extract_json on unstructured string text","invocations":1,"location":null,"numPassingAsserts":1,"retryReasons":[],"startAt":1789333008555,"status":"passed","title":"executes extract_json on unstructured string text"},{"ancestorTitles":["VonStrata Structures","StratumCell & Execution"],"duration":1,"failing":false,"failureDetails":[],"failureMessages":[],"fullName":"VonStrata Structures StratumCell & Execution executes split_lines on a multiline string","invocations":1,"location":null,"numPassingAsserts":1,"retryReasons":[],"startAt":1789333008556,"status":"passed","title":"executes split_lines on a multiline string"},{"ancestorTitles":["VonStrata Structures","StratumCell & Execution"],"duration":1,"failing":false,"failureDetails":[],"failureMessages":[],"fullName":"VonStrata Structures StratumCell & Execution executes lowercase on a string","invocations":1,"location":null,"numPassingAsserts":1,"retryReasons":[],"startAt":1789333008557,"status":"passed","title":"executes lowercase on a string"},{"ancestorTitles":["VonStrata Structures","StratumCell & Execution"],"duration":1,"failing":false,"failureDetails":[],"failureMessages":[],"fullName":"VonStrata Structures StratumCell & Execution executes regex_filter on string arrays using context pattern","invocations":1,"location":null,"numPassingAsserts":1,"retryReasons":[],"startAt":1789333008559,"status":"passed","title":"executes regex_filter on string arrays using context pattern"},{"ancestorTitles":["VonStrata Structures","CompositionCell & Chains"],"duration":1,"failing":false,"failureDetails":[],"failureMessages":[],"fullName":"VonStrata Structures CompositionCell & Chains sequentially executes multiple primitives in a chain","invocations":1,"location":null,"numPassingAsserts":2,"retryReasons":[],"startAt":1789333008560,"status":"passed","title":"sequentially executes multiple primitives in a chain"},{"ancestorTitles":["VonStrata Structures","StructuralMutation"],"duration":1,"failing":false,"failureDetails":[],"failureMessages":[],"fullName":"VonStrata Structures StructuralMutation extends a chain by adding a primitive to the end","invocations":1,"location":null,"numPassingAsserts":1,"retryReasons":[],"startAt":1789333008561,"status":"passed","title":"extends a chain by adding a primitive to the end"},{"ancestorTitles":["VonStrata Structures","StructuralMutation"],"duration":1,"failing":false,"failureDetails":[],"failureMessages":[],"fullName":"VonStrata Structures StructuralMutation splices two chains together","invocations":1,"location":null,"numPassingAsserts":1,"retryReasons":[],"startAt":1789333008562,"status":"passed","title":"splices two chains together"},{"ancestorTitles":["VonStrata Structures","StructuralMutation"],"duration":0,"failing":false,"failureDetails":[],"failureMessages":[],"fullName":"VonStrata Structures StructuralMutation truncates a chain to keep first N elements","invocations":1,"location":null,"numPassingAsserts":1,"retryReasons":[],"startAt":1789333008563,"status":"passed","title":"truncates a chain to keep first N elements"},{"ancestorTitles":["VonStrata Structures","StructuralMutation"],"duration":1,"failing":false,"failureDetails":[],"failureMessages":[],"fullName":"VonStrata Structures StructuralMutation swaps a primitive at a specific index","invocations":1,"location":null,"numPassingAsserts":1,"retryReasons":[],"startAt":1789333008564,"status":"passed","title":"swaps a primitive at a specific index"},{"ancestorTitles":["VonStrata Structures","Environment & Tool Evolution"],"duration":9,"failing":false,"failureDetails":[],"failureMessages":[],"fullName":"VonStrata Structures Environment & Tool Evolution runs evolution and finds the fittest composition to double numbers","invocations":1,"location":null,"numPassingAsserts":3,"retryReasons":[],"startAt":1789333008567,"status":"passed","title":"runs evolution and finds the fittest composition to double numbers"}],"endTime":1789333008580,"message":"","name":"C:\\Users\\barry\\Desktop\\MAX\\test\\unit\\core\\VonStrata.test.js","startTime":1789333008343,"status":"passed","summary":""},{"assertionResults":[{"ancestorTitles":["stripLeakedPromptContext"],"duration":3,"failing":false,"failureDetails":[],"failureMessages":[],"fullName":"stripLeakedPromptContext returns input unchanged when no markers present","invocations":1,"location":null,"numPassingAsserts":1,"retryReasons":[],"startAt":1789333008773,"status":"passed","title":"returns input unchanged when no markers present"},{"ancestorTitles":["stripLeakedPromptContext"],"duration":0,"failing":false,"failureDetails":[],"failureMessages":[],"fullName":"stripLeakedPromptContext strips from \\n## Relevant Memories onward","invocations":1,"location":null,"numPassingAsserts":1,"retryReasons":[],"startAt":1789333008777,"status":"passed","title":"strips from \\n## Relevant Memories onward"},{"ancestorTitles":["stripLeakedPromptContext"],"duration":0,"failing":false,"failureDetails":[],"failureMessages":[],"fullName":"stripLeakedPromptContext strips from \\n## System State onward","invocations":1,"location":null,"numPassingAsserts":1,"retryReasons":[],"startAt":1789333008778,"status":"passed","title":"strips from \\n## System State onward"},{"ancestorTitles":["stripLeakedPromptContext"],"duration":0,"failing":false,"failureDetails":[],"failureMessages":[],"fullName":"stripLeakedPromptContext strips [DRIVE: lines","invocations":1,"location":null,"numPassingAsserts":1,"retryReasons":[],"startAt":1789333008778,"status":"passed","title":"strips [DRIVE: lines"},{"ancestorTitles":["stripLeakedPromptContext"],"duration":1,"failing":false,"failureDetails":[],"failureMessages":[],"fullName":"stripLeakedPromptContext strips [ACTIVE BUFFER] sections","invocations":1,"location":null,"numPassingAsserts":1,"retryReasons":[],"startAt":1789333008778,"status":"passed","title":"strips [ACTIVE BUFFER] sections"},{"ancestorTitles":["stripLeakedPromptContext"],"duration":0,"failing":false,"failureDetails":[],"failureMessages":[],"fullName":"stripLeakedPromptContext strips ## Active Goals section","invocations":1,"location":null,"numPassingAsserts":1,"retryReasons":[],"startAt":1789333008779,"status":"passed","title":"strips ## Active Goals section"},{"ancestorTitles":["stripLeakedPromptContext"],"duration":1,"failing":false,"failureDetails":[],"failureMessages":[],"fullName":"stripLeakedPromptContext cuts at the earliest marker when multiple are present","invocations":1,"location":null,"numPassingAsserts":1,"retryReasons":[],"startAt":1789333008779,"status":"passed","title":"cuts at the earliest marker when multiple are present"},{"ancestorTitles":["stripLeakedPromptContext"],"duration":0,"failing":false,"failureDetails":[],"failureMessages":[],"fullName":"stripLeakedPromptContext returns empty string when text starts with a marker","invocations":1,"location":null,"numPassingAsserts":2,"retryReasons":[],"startAt":1789333008780,"status":"passed","title":"returns empty string when text starts with a marker"},{"ancestorTitles":["stripLeakedPromptContext"],"duration":0,"failing":false,"failureDetails":[],"failureMessages":[],"fullName":"stripLeakedPromptContext handles empty string without throwing","invocations":1,"location":null,"numPassingAsserts":1,"retryReasons":[],"startAt":1789333008780,"status":"passed","title":"handles empty string without throwing"},{"ancestorTitles":["stripLeakedPromptContext"],"duration":0,"failing":false,"failureDetails":[],"failureMessages":[],"fullName":"stripLeakedPromptContext handles null and non-string inputs without throwing","invocations":1,"location":null,"numPassingAsserts":3,"retryReasons":[],"startAt":1789333008781,"status":"passed","title":"handles null and non-string inputs without throwing"},{"ancestorTitles":["stripLeakedPromptContext"],"duration":0,"failing":false,"failureDetails":[],"failureMessages":[],"fullName":"stripLeakedPromptContext preserves legitimate content that contains partial marker words","invocations":1,"location":null,"numPassingAsserts":1,"retryReasons":[],"startAt":1789333008782,"status":"passed","title":"preserves legitimate content that contains partial marker words"},{"ancestorTitles":["stripStageDirections"],"duration":1,"failing":false,"failureDetails":[],"failureMessages":[],"fullName":"stripStageDirections strips bare parenthetical mood/action lines","invocations":1,"location":null,"numPassingAsserts":1,"retryReasons":[],"startAt":1789333008782,"status":"passed","title":"strips bare parenthetical mood/action lines"},{"ancestorTitles":["stripStageDirections"],"duration":2,"failing":false,"failureDetails":[],"failureMessages":[],"fullName":"stripStageDirections strips bold and italic asterisk stage directions","invocations":1,"location":null,"numPassingAsserts":1,"retryReasons":[],"startAt":1789333008783,"status":"passed","title":"strips bold and italic asterisk stage directions"},{"ancestorTitles":["stripStageDirections"],"duration":0,"failing":false,"failureDetails":[],"failureMessages":[],"fullName":"stripStageDirections preserves regular parentheses","invocations":1,"location":null,"numPassingAsserts":1,"retryReasons":[],"startAt":1789333008785,"status":"passed","title":"preserves regular parentheses"},{"ancestorTitles":["stripStageDirections"],"duration":1,"failing":false,"failureDetails":[],"failureMessages":[],"fullName":"stripStageDirections detects stage direction and internal monologue leaks","invocations":1,"location":null,"numPassingAsserts":2,"retryReasons":[],"startAt":1789333008785,"status":"passed","title":"detects stage direction and internal monologue leaks"}],"endTime":1789333008788,"message":"","name":"C:\\Users\\barry\\Desktop\\MAX\\test\\unit\\core\\TextSanitizer.test.js","startTime":1789333008596,"status":"passed","summary":""},{"assertionResults":[{"ancestorTitles":["ToolRegistry","register / get / has"],"duration":4,"failing":false,"failureDetails":[],"failureMessages":[],"fullName":"ToolRegistry register / get / has registers a tool and retrieves it by name","invocations":1,"location":null,"numPassingAsserts":1,"retryReasons":[],"startAt":1789333008780,"status":"passed","title":"registers a tool and retrieves it by name"},{"ancestorTitles":["ToolRegistry","register / get / has"],"duration":0,"failing":false,"failureDetails":[],"failureMessages":[],"fullName":"ToolRegistry register / get / has has() returns true for registered tool","invocations":1,"location":null,"numPassingAsserts":1,"retryReasons":[],"startAt":1789333008785,"status":"passed","title":"has() returns true for registered tool"},{"ancestorTitles":["ToolRegistry","register / get / has"],"duration":0,"failing":false,"failureDetails":[],"failureMessages":[],"fullName":"ToolRegistry register / get / has has() returns false for unknown tool","invocations":1,"location":null,"numPassingAsserts":1,"retryReasons":[],"startAt":1789333008786,"status":"passed","title":"has() returns false for unknown tool"},{"ancestorTitles":["ToolRegistry","register / get / has"],"duration":32,"failing":false,"failureDetails":[],"failureMessages":[],"fullName":"ToolRegistry register / get / has throws when registering a tool without a name","invocations":1,"location":null,"numPassingAsserts":1,"retryReasons":[],"startAt":1789333008786,"status":"passed","title":"throws when registering a tool without a name"},{"ancestorTitles":["ToolRegistry","register / get / has"],"duration":1,"failing":false,"failureDetails":[],"failureMessages":[],"fullName":"ToolRegistry register / get / has overwrites an existing registration with the same name","invocations":1,"location":null,"numPassingAsserts":1,"retryReasons":[],"startAt":1789333008818,"status":"passed","title":"overwrites an existing registration with the same name"},{"ancestorTitles":["ToolRegistry","list()"],"duration":2,"failing":false,"failureDetails":[],"failureMessages":[],"fullName":"ToolRegistry list() returns name, description, and actions for each tool","invocations":1,"location":null,"numPassingAsserts":2,"retryReasons":[],"startAt":1789333008819,"status":"passed","title":"returns name, description, and actions for each tool"},{"ancestorTitles":["ToolRegistry","list()"],"duration":0,"failing":false,"failureDetails":[],"failureMessages":[],"fullName":"ToolRegistry list() returns empty array when no tools registered","invocations":1,"location":null,"numPassingAsserts":1,"retryReasons":[],"startAt":1789333008821,"status":"passed","title":"returns empty array when no tools registered"},{"ancestorTitles":["ToolRegistry","execute()"],"duration":2,"failing":false,"failureDetails":[],"failureMessages":[],"fullName":"ToolRegistry execute() calls the correct action function with params","invocations":1,"location":null,"numPassingAsserts":2,"retryReasons":[],"startAt":1789333008822,"status":"passed","title":"calls the correct action function with params"},{"ancestorTitles":["ToolRegistry","execute()"],"duration":1,"failing":false,"failureDetails":[],"failureMessages":[],"fullName":"ToolRegistry execute() returns { success: false } for unknown tool","invocations":1,"location":null,"numPassingAsserts":2,"retryReasons":[],"startAt":1789333008824,"status":"passed","title":"returns { success: false } for unknown tool"},{"ancestorTitles":["ToolRegistry","execute()"],"duration":1,"failing":false,"failureDetails":[],"failureMessages":[],"fullName":"ToolRegistry execute() returns { success: false } for unknown action","invocations":1,"location":null,"numPassingAsserts":1,"retryReasons":[],"startAt":1789333008825,"status":"passed","title":"returns { success: false } for unknown action"},{"ancestorTitles":["ToolRegistry","execute()"],"duration":1,"failing":false,"failureDetails":[],"failureMessages":[],"fullName":"ToolRegistry execute() catches errors thrown by action and returns { success: false }","invocations":1,"location":null,"numPassingAsserts":2,"retryReasons":[],"startAt":1789333008826,"status":"passed","title":"catches errors thrown by action and returns { success: false }"},{"ancestorTitles":["ToolRegistry","execute()"],"duration":1,"failing":false,"failureDetails":[],"failureMessages":[],"fullName":"ToolRegistry execute() supports class-based tools with a run() method","invocations":1,"location":null,"numPassingAsserts":1,"retryReasons":[],"startAt":1789333008827,"status":"passed","title":"supports class-based tools with a run() method"},{"ancestorTitles":["ToolRegistry","executeLLMToolCall()"],"duration":1,"failing":false,"failureDetails":[],"failureMessages":[],"fullName":"ToolRegistry executeLLMToolCall() parses and executes TOOL:name:action:{json}","invocations":1,"location":null,"numPassingAsserts":2,"retryReasons":[],"startAt":1789333008829,"status":"passed","title":"parses and executes TOOL:name:action:{json}"},{"ancestorTitles":["ToolRegistry","executeLLMToolCall()"],"duration":1,"failing":false,"failureDetails":[],"failureMessages":[],"fullName":"ToolRegistry executeLLMToolCall() returns null for non-TOOL prefixed input","invocations":1,"location":null,"numPassingAsserts":1,"retryReasons":[],"startAt":1789333008830,"status":"passed","title":"returns null for non-TOOL prefixed input"},{"ancestorTitles":["ToolRegistry","executeLLMToolCall()"],"duration":1,"failing":false,"failureDetails":[],"failureMessages":[],"fullName":"ToolRegistry executeLLMToolCall() returns error for malformed tool call (too few parts)","invocations":1,"location":null,"numPassingAsserts":2,"retryReasons":[],"startAt":1789333008831,"status":"passed","title":"returns error for malformed tool call (too few parts)"},{"ancestorTitles":["ToolRegistry","executeLLMToolCall()"],"duration":1,"failing":false,"failureDetails":[],"failureMessages":[],"fullName":"ToolRegistry executeLLMToolCall() handles TOOL call with no JSON params","invocations":1,"location":null,"numPassingAsserts":1,"retryReasons":[],"startAt":1789333008832,"status":"passed","title":"handles TOOL call with no JSON params"},{"ancestorTitles":["ToolRegistry","executeLLMToolCall()"],"duration":1,"failing":false,"failureDetails":[],"failureMessages":[],"fullName":"ToolRegistry executeLLMToolCall() handles TOOL call with a simple string fallback param","invocations":1,"location":null,"numPassingAsserts":1,"retryReasons":[],"startAt":1789333008833,"status":"passed","title":"handles TOOL call with a simple string fallback param"},{"ancestorTitles":["ToolRegistry","buildManifest()"],"duration":1,"failing":false,"failureDetails":[],"failureMessages":[],"fullName":"ToolRegistry buildManifest() includes tool name in manifest string","invocations":1,"location":null,"numPassingAsserts":2,"retryReasons":[],"startAt":1789333008834,"status":"passed","title":"includes tool name in manifest string"},{"ancestorTitles":["ToolRegistry","buildManifest()"],"duration":0,"failing":false,"failureDetails":[],"failureMessages":[],"fullName":"ToolRegistry buildManifest() returns empty manifest header when no tools registered","invocations":1,"location":null,"numPassingAsserts":1,"retryReasons":[],"startAt":1789333008836,"status":"passed","title":"returns empty manifest header when no tools registered"}],"endTime":1789333008839,"message":"","name":"C:\\Users\\barry\\Desktop\\MAX\\test\\unit\\core\\ToolRegistry.test.js","startTime":1789333008575,"status":"passed","summary":""},{"assertionResults":[{"ancestorTitles":["SelfEditor Unit Tests","manual diff generator"],"duration":8,"failing":false,"failureDetails":[],"failureMessages":[],"fullName":"SelfEditor Unit Tests manual diff generator should generate clean unified-diff hunks with 3 context lines","invocations":1,"location":null,"numPassingAsserts":7,"retryReasons":[],"startAt":1789333009101,"status":"passed","title":"should generate clean unified-diff hunks with 3 context lines"}],"endTime":1789333009112,"message":"","name":"C:\\Users\\barry\\Desktop\\MAX\\test\\unit\\core\\SelfEditor.test.js","startTime":1789333008850,"status":"passed","summary":""},{"assertionResults":[{"ancestorTitles":[],"duration":361,"failing":false,"failureDetails":[],"failureMessages":[],"fullName":"Sovereign 3-Tier Dataset verification","invocations":1,"location":null,"numPassingAsserts":0,"retryReasons":[],"startAt":1789333009016,"status":"passed","title":"Sovereign 3-Tier Dataset verification"}],"endTime":1789333009380,"message":"","name":"C:\\Users\\barry\\Desktop\\MAX\\test\\unit\\core\\SovereignDataset.test.js","startTime":1789333008798,"status":"passed","summary":""},{"assertionResults":[{"ancestorTitles":["SelfCodeInspector"],"duration":4,"failing":false,"failureDetails":[],"failureMessages":[],"fullName":"SelfCodeInspector should construct with proper defaults","invocations":1,"location":null,"numPassingAsserts":3,"retryReasons":[],"startAt":1789333009311,"status":"passed","title":"should construct with proper defaults"},{"ancestorTitles":["SelfCodeInspector"],"duration":72,"failing":false,"failureDetails":[],"failureMessages":[],"fullName":"SelfCodeInspector should scan files and detect markers correctly","invocations":1,"location":null,"numPassingAsserts":6,"retryReasons":[],"startAt":1789333009316,"status":"passed","title":"should scan files and detect markers correctly"},{"ancestorTitles":["SelfCodeInspector"],"duration":3,"failing":false,"failureDetails":[],"failureMessages":[],"fullName":"SelfCodeInspector should queue findings as GoalEngine goals based on priority","invocations":1,"location":null,"numPassingAsserts":6,"retryReasons":[],"startAt":1789333009400,"status":"passed","title":"should queue findings as GoalEngine goals based on priority"},{"ancestorTitles":["SelfCodeInspector"],"duration":1,"failing":false,"failureDetails":[],"failureMessages":[],"fullName":"SelfCodeInspector should correctly summarize findings","invocations":1,"location":null,"numPassingAsserts":3,"retryReasons":[],"startAt":1789333009404,"status":"passed","title":"should correctly summarize findings"}],"endTime":1789333009408,"message":"","name":"C:\\Users\\barry\\Desktop\\MAX\\test\\unit\\core\\SelfCodeInspector.test.js","startTime":1789333009120,"status":"passed","summary":""},{"assertionResults":[{"ancestorTitles":["SecurityExpertisePack"],"duration":9,"failing":false,"failureDetails":[],"failureMessages":[],"fullName":"SecurityExpertisePack does not inject security context for unrelated casual chat","invocations":1,"location":null,"numPassingAsserts":1,"retryReasons":[],"startAt":1789333009619,"status":"passed","title":"does not inject security context for unrelated casual chat"},{"ancestorTitles":["SecurityExpertisePack"],"duration":6,"failing":false,"failureDetails":[],"failureMessages":[],"fullName":"SecurityExpertisePack injects baseline doctrine for generic app builds","invocations":1,"location":null,"numPassingAsserts":3,"retryReasons":[],"startAt":1789333009629,"status":"passed","title":"injects baseline doctrine for generic app builds"},{"ancestorTitles":["SecurityExpertisePack"],"duration":5,"failing":false,"failureDetails":[],"failureMessages":[],"fullName":"SecurityExpertisePack selects auth and API guidance for login endpoint work","invocations":1,"location":null,"numPassingAsserts":4,"retryReasons":[],"startAt":1789333009635,"status":"passed","title":"selects auth and API guidance for login endpoint work"},{"ancestorTitles":["SecurityExpertisePack"],"duration":3,"failing":false,"failureDetails":[],"failureMessages":[],"fullName":"SecurityExpertisePack selects frontend XSS guidance for rendered HTML work","invocations":1,"location":null,"numPassingAsserts":2,"retryReasons":[],"startAt":1789333009640,"status":"passed","title":"selects frontend XSS guidance for rendered HTML work"},{"ancestorTitles":["SecurityExpertisePack"],"duration":1,"failing":false,"failureDetails":[],"failureMessages":[],"fullName":"SecurityExpertisePack reports status with available security surfaces","invocations":1,"location":null,"numPassingAsserts":4,"retryReasons":[],"startAt":1789333009643,"status":"passed","title":"reports status with available security surfaces"}],"endTime":1789333009645,"message":"","name":"C:\\Users\\barry\\Desktop\\MAX\\test\\unit\\core\\SecurityExpertisePack.test.js","startTime":1789333009391,"status":"passed","summary":""},{"assertionResults":[{"ancestorTitles":["SecurityCouncil"],"duration":3,"failing":false,"failureDetails":[],"failureMessages":[],"fullName":"SecurityCouncil is enabled by default","invocations":1,"location":null,"numPassingAsserts":1,"retryReasons":[],"startAt":1789333009643,"status":"passed","title":"is enabled by default"},{"ancestorTitles":["SecurityCouncil"],"duration":1,"failing":false,"failureDetails":[],"failureMessages":[],"fullName":"SecurityCouncil can be disabled explicitly with MAX_SECURITY_COUNCIL=false","invocations":1,"location":null,"numPassingAsserts":1,"retryReasons":[],"startAt":1789333009647,"status":"passed","title":"can be disabled explicitly with MAX_SECURITY_COUNCIL=false"},{"ancestorTitles":["SecurityCouncil"],"duration":12,"failing":false,"failureDetails":[],"failureMessages":[],"fullName":"SecurityCouncil blocks hardcoded secrets as critical findings","invocations":1,"location":null,"numPassingAsserts":4,"retryReasons":[],"startAt":1789333009648,"status":"passed","title":"blocks hardcoded secrets as critical findings"},{"ancestorTitles":["SecurityCouncil"],"duration":3,"failing":false,"failureDetails":[],"failureMessages":[],"fullName":"SecurityCouncil blocks high-severity unsafe rendering by default","invocations":1,"location":null,"numPassingAsserts":3,"retryReasons":[],"startAt":1789333009660,"status":"passed","title":"blocks high-severity unsafe rendering by default"},{"ancestorTitles":["SecurityCouncil"],"duration":2,"failing":false,"failureDetails":[],"failureMessages":[],"fullName":"SecurityCouncil allows clean code and updates clean stats","invocations":1,"location":null,"numPassingAsserts":3,"retryReasons":[],"startAt":1789333009663,"status":"passed","title":"allows clean code and updates clean stats"}],"endTime":1789333009669,"message":"","name":"C:\\Users\\barry\\Desktop\\MAX\\test\\unit\\core\\SecurityCouncil.test.js","startTime":1789333009419,"status":"passed","summary":""},{"assertionResults":[{"ancestorTitles":["Scheduler"],"duration":8,"failing":false,"failureDetails":[],"failureMessages":[],"fullName":"Scheduler does not start the same job again while it is already in flight","invocations":1,"location":null,"numPassingAsserts":1,"retryReasons":[],"startAt":1789333009870,"status":"passed","title":"does not start the same job again while it is already in flight"}],"endTime":1789333009880,"message":"","name":"C:\\Users\\barry\\Desktop\\MAX\\test\\unit\\core\\Scheduler.test.js","startTime":1789333009654,"status":"passed","summary":""},{"assertionResults":[{"ancestorTitles":["RepoGraph","addNode"],"duration":4,"failing":false,"failureDetails":[],"failureMessages":[],"fullName":"RepoGraph addNode creates a node with correct fields","invocations":1,"location":null,"numPassingAsserts":6,"retryReasons":[],"startAt":1789333009907,"status":"passed","title":"creates a node with correct fields"},{"ancestorTitles":["RepoGraph","addNode"],"duration":1,"failing":false,"failureDetails":[],"failureMessages":[],"fullName":"RepoGraph addNode uses name attr as label when provided","invocations":1,"location":null,"numPassingAsserts":1,"retryReasons":[],"startAt":1789333009912,"status":"passed","title":"uses name attr as label when provided"},{"ancestorTitles":["RepoGraph","addNode"],"duration":1,"failing":false,"failureDetails":[],"failureMessages":[],"fullName":"RepoGraph addNode falls back to id as label when name is absent","invocations":1,"location":null,"numPassingAsserts":1,"retryReasons":[],"startAt":1789333009913,"status":"passed","title":"falls back to id as label when name is absent"},{"ancestorTitles":["RepoGraph","addNode"],"duration":1,"failing":false,"failureDetails":[],"failureMessages":[],"fullName":"RepoGraph addNode merges attrs into an existing node without duplicating it","invocations":1,"location":null,"numPassingAsserts":3,"retryReasons":[],"startAt":1789333009914,"status":"passed","title":"merges attrs into an existing node without duplicating it"},{"ancestorTitles":["RepoGraph","addEdge"],"duration":4,"failing":false,"failureDetails":[],"failureMessages":[],"fullName":"RepoGraph addEdge creates an edge between two nodes","invocations":1,"location":null,"numPassingAsserts":2,"retryReasons":[],"startAt":1789333009915,"status":"passed","title":"creates an edge between two nodes"},{"ancestorTitles":["RepoGraph","addEdge"],"duration":0,"failing":false,"failureDetails":[],"failureMessages":[],"fullName":"RepoGraph addEdge skips self-loops","invocations":1,"location":null,"numPassingAsserts":1,"retryReasons":[],"startAt":1789333009919,"status":"passed","title":"skips self-loops"},{"ancestorTitles":["RepoGraph","addEdge"],"duration":1,"failing":false,"failureDetails":[],"failureMessages":[],"fullName":"RepoGraph addEdge deduplicates identical edges","invocations":1,"location":null,"numPassingAsserts":1,"retryReasons":[],"startAt":1789333009919,"status":"passed","title":"deduplicates identical edges"},{"ancestorTitles":["RepoGraph","_calculateMetrics"],"duration":2,"failing":false,"failureDetails":[],"failureMessages":[],"fullName":"RepoGraph _calculateMetrics correctly counts fanIn, fanOut, and hubness","invocations":1,"location":null,"numPassingAsserts":6,"retryReasons":[],"startAt":1789333009921,"status":"passed","title":"correctly counts fanIn, fanOut, and hubness"},{"ancestorTitles":["RepoGraph","detectCycles"],"duration":1,"failing":false,"failureDetails":[],"failureMessages":[],"fullName":"RepoGraph detectCycles finds a 3-node cycle","invocations":1,"location":null,"numPassingAsserts":1,"retryReasons":[],"startAt":1789333009923,"status":"passed","title":"finds a 3-node cycle"},{"ancestorTitles":["RepoGraph","detectCycles"],"duration":0,"failing":false,"failureDetails":[],"failureMessages":[],"fullName":"RepoGraph detectCycles returns empty array for an acyclic graph","invocations":1,"location":null,"numPassingAsserts":1,"retryReasons":[],"startAt":1789333009925,"status":"passed","title":"returns empty array for an acyclic graph"}],"endTime":1789333009927,"message":"","name":"C:\\Users\\barry\\Desktop\\MAX\\test\\unit\\core\\RepoGraph.test.js","startTime":1789333009687,"status":"passed","summary":""},{"assertionResults":[{"ancestorTitles":["ReflectionEngine Unit Tests","Initialization"],"duration":5,"failing":false,"failureDetails":[],"failureMessages":[],"fullName":"ReflectionEngine Unit Tests Initialization should initialize with empty behaviorDirectives array","invocations":1,"location":null,"numPassingAsserts":1,"retryReasons":[],"startAt":1789333010186,"status":"passed","title":"should initialize with empty behaviorDirectives array"},{"ancestorTitles":["ReflectionEngine Unit Tests","Feedback Extraction"],"duration":2,"failing":false,"failureDetails":[],"failureMessages":[],"fullName":"ReflectionEngine Unit Tests Feedback Extraction should extract a directive if the user gives a behavioral correction","invocations":1,"location":null,"numPassingAsserts":2,"retryReasons":[],"startAt":1789333010192,"status":"passed","title":"should extract a directive if the user gives a behavioral correction"},{"ancestorTitles":["ReflectionEngine Unit Tests","Feedback Extraction"],"duration":2,"failing":false,"failureDetails":[],"failureMessages":[],"fullName":"ReflectionEngine Unit Tests Feedback Extraction should ignore duplicate behavioral directives","invocations":1,"location":null,"numPassingAsserts":2,"retryReasons":[],"startAt":1789333010194,"status":"passed","title":"should ignore duplicate behavioral directives"},{"ancestorTitles":["ReflectionEngine Unit Tests","Feedback Extraction"],"duration":2,"failing":false,"failureDetails":[],"failureMessages":[],"fullName":"ReflectionEngine Unit Tests Feedback Extraction should discard oldest directive if the length exceeds 10","invocations":1,"location":null,"numPassingAsserts":3,"retryReasons":[],"startAt":1789333010196,"status":"passed","title":"should discard oldest directive if the length exceeds 10"},{"ancestorTitles":["ReflectionEngine Unit Tests","Feedback Extraction"],"duration":1,"failing":false,"failureDetails":[],"failureMessages":[],"fullName":"ReflectionEngine Unit Tests Feedback Extraction should not extract a directive if the user is just chatting","invocations":1,"location":null,"numPassingAsserts":2,"retryReasons":[],"startAt":1789333010199,"status":"passed","title":"should not extract a directive if the user is just chatting"},{"ancestorTitles":["ReflectionEngine Unit Tests","Prompt Context Injection"],"duration":1,"failing":false,"failureDetails":[],"failureMessages":[],"fullName":"ReflectionEngine Unit Tests Prompt Context Injection should return empty string if there are no directives or reflection data","invocations":1,"location":null,"numPassingAsserts":1,"retryReasons":[],"startAt":1789333010201,"status":"passed","title":"should return empty string if there are no directives or reflection data"},{"ancestorTitles":["ReflectionEngine Unit Tests","Prompt Context Injection"],"duration":1,"failing":false,"failureDetails":[],"failureMessages":[],"fullName":"ReflectionEngine Unit Tests Prompt Context Injection should append active behavior directives to prompt context if present","invocations":1,"location":null,"numPassingAsserts":3,"retryReasons":[],"startAt":1789333010202,"status":"passed","title":"should append active behavior directives to prompt context if present"},{"ancestorTitles":["ReflectionEngine Unit Tests","Clearing Directives"],"duration":2,"failing":false,"failureDetails":[],"failureMessages":[],"fullName":"ReflectionEngine Unit Tests Clearing Directives should clear behaviorDirectives and persist to disk","invocations":1,"location":null,"numPassingAsserts":2,"retryReasons":[],"startAt":1789333010203,"status":"passed","title":"should clear behaviorDirectives and persist to disk"}],"endTime":1789333010206,"message":"","name":"C:\\Users\\barry\\Desktop\\MAX\\test\\unit\\core\\ReflectionEngine.test.js","startTime":1789333009947,"status":"passed","summary":""},{"assertionResults":[{"ancestorTitles":["PersonaEngine Unit Tests","Initialization"],"duration":22,"failing":false,"failureDetails":[],"failureMessages":[],"fullName":"PersonaEngine Unit Tests Initialization should initialize with default persona MUSE","invocations":1,"location":null,"numPassingAsserts":1,"retryReasons":[],"startAt":1789333010444,"status":"passed","title":"should initialize with default persona MUSE"},{"ancestorTitles":["PersonaEngine Unit Tests","Initialization"],"duration":9,"failing":false,"failureDetails":[],"failureMessages":[],"fullName":"PersonaEngine Unit Tests Initialization should load expert personas from files","invocations":1,"location":null,"numPassingAsserts":1,"retryReasons":[],"startAt":1789333010467,"status":"passed","title":"should load expert personas from files"},{"ancestorTitles":["PersonaEngine Unit Tests","selectForTask (Conversational Keywords)"],"duration":9,"failing":false,"failureDetails":[],"failureMessages":[],"fullName":"PersonaEngine Unit Tests selectForTask (Conversational Keywords) should switch to muse when conversational greeting is present","invocations":1,"location":null,"numPassingAsserts":3,"retryReasons":[],"startAt":1789333010477,"status":"passed","title":"should switch to muse when conversational greeting is present"},{"ancestorTitles":["PersonaEngine Unit Tests","selectForTask (Muse Mode Stickiness)"],"duration":8,"failing":false,"failureDetails":[],"failureMessages":[],"fullName":"PersonaEngine Unit Tests selectForTask (Muse Mode Stickiness) should stay in muse mode when a technical request is sent without exit triggers","invocations":1,"location":null,"numPassingAsserts":2,"retryReasons":[],"startAt":1789333010486,"status":"passed","title":"should stay in muse mode when a technical request is sent without exit triggers"},{"ancestorTitles":["PersonaEngine Unit Tests","selectForTask (Muse Mode Stickiness)"],"duration":8,"failing":false,"failureDetails":[],"failureMessages":[],"fullName":"PersonaEngine Unit Tests selectForTask (Muse Mode Stickiness) should stay in muse mode even when an exit trigger is sent (exiting is manual)","invocations":1,"location":null,"numPassingAsserts":2,"retryReasons":[],"startAt":1789333010494,"status":"passed","title":"should stay in muse mode even when an exit trigger is sent (exiting is manual)"},{"ancestorTitles":["PersonaEngine Unit Tests","selectForTask (Heuristics Fallback when Brain is Offline)"],"duration":7,"failing":false,"failureDetails":[],"failureMessages":[],"fullName":"PersonaEngine Unit Tests selectForTask (Heuristics Fallback when Brain is Offline) should fall back to grinder under high tension and action verbs","invocations":1,"location":null,"numPassingAsserts":1,"retryReasons":[],"startAt":1789333010502,"status":"passed","title":"should fall back to grinder under high tension and action verbs"},{"ancestorTitles":["PersonaEngine Unit Tests","selectForTask (Heuristics Fallback when Brain is Offline)"],"duration":7,"failing":false,"failureDetails":[],"failureMessages":[],"fullName":"PersonaEngine Unit Tests selectForTask (Heuristics Fallback when Brain is Offline) should select architect if message contains architect keywords","invocations":1,"location":null,"numPassingAsserts":1,"retryReasons":[],"startAt":1789333010510,"status":"passed","title":"should select architect if message contains architect keywords"},{"ancestorTitles":["PersonaEngine Unit Tests","selectForTask (Heuristics Fallback when Brain is Offline)"],"duration":6,"failing":false,"failureDetails":[],"failureMessages":[],"fullName":"PersonaEngine Unit Tests selectForTask (Heuristics Fallback when Brain is Offline) should select paranoid if message contains security keywords","invocations":1,"location":null,"numPassingAsserts":1,"retryReasons":[],"startAt":1789333010517,"status":"passed","title":"should select paranoid if message contains security keywords"},{"ancestorTitles":["PersonaEngine Unit Tests","selectForTask (LLM-Driven Classification)"],"duration":8,"failing":false,"failureDetails":[],"failureMessages":[],"fullName":"PersonaEngine Unit Tests selectForTask (LLM-Driven Classification) should query the brain and switch persona based on LLM decision","invocations":1,"location":null,"numPassingAsserts":3,"retryReasons":[],"startAt":1789333010523,"status":"passed","title":"should query the brain and switch persona based on LLM decision"},{"ancestorTitles":["PersonaEngine Unit Tests","selectForTask (LLM-Driven Classification)"],"duration":9,"failing":false,"failureDetails":[],"failureMessages":[],"fullName":"PersonaEngine Unit Tests selectForTask (LLM-Driven Classification) should handle markdown block or extra whitespace in LLM output","invocations":1,"location":null,"numPassingAsserts":2,"retryReasons":[],"startAt":1789333010531,"status":"passed","title":"should handle markdown block or extra whitespace in LLM output"},{"ancestorTitles":["PersonaEngine Unit Tests","selectForTask (LLM-Driven Classification)"],"duration":11,"failing":false,"failureDetails":[],"failureMessages":[],"fullName":"PersonaEngine Unit Tests selectForTask (LLM-Driven Classification) should fall back to keyword triggers if the LLM output is not a valid persona ID","invocations":1,"location":null,"numPassingAsserts":2,"retryReasons":[],"startAt":1789333010540,"status":"passed","title":"should fall back to keyword triggers if the LLM output is not a valid persona ID"},{"ancestorTitles":["PersonaEngine Unit Tests","selectForTask (LLM-Driven Classification)"],"duration":10,"failing":false,"failureDetails":[],"failureMessages":[],"fullName":"PersonaEngine Unit Tests selectForTask (LLM-Driven Classification) should fall back to keywords if the LLM query throws an error","invocations":1,"location":null,"numPassingAsserts":2,"retryReasons":[],"startAt":1789333010551,"status":"passed","title":"should fall back to keywords if the LLM query throws an error"},{"ancestorTitles":["PersonaEngine Unit Tests","Manual switching and experts"],"duration":8,"failing":false,"failureDetails":[],"failureMessages":[],"fullName":"PersonaEngine Unit Tests Manual switching and experts should allow switching manually via switchTo","invocations":1,"location":null,"numPassingAsserts":1,"retryReasons":[],"startAt":1789333010561,"status":"passed","title":"should allow switching manually via switchTo"},{"ancestorTitles":["PersonaEngine Unit Tests","Manual switching and experts"],"duration":9,"failing":false,"failureDetails":[],"failureMessages":[],"fullName":"PersonaEngine Unit Tests Manual switching and experts should support switching to loaded expert personas","invocations":1,"location":null,"numPassingAsserts":2,"retryReasons":[],"startAt":1789333010569,"status":"passed","title":"should support switching to loaded expert personas"},{"ancestorTitles":["PersonaEngine Unit Tests","Manual switching and experts"],"duration":36,"failing":false,"failureDetails":[],"failureMessages":[],"fullName":"PersonaEngine Unit Tests Manual switching and experts should throw error when switching to nonexistent persona","invocations":1,"location":null,"numPassingAsserts":1,"retryReasons":[],"startAt":1789333010578,"status":"passed","title":"should throw error when switching to nonexistent persona"}],"endTime":1789333010618,"message":"","name":"C:\\Users\\barry\\Desktop\\MAX\\test\\unit\\core\\PersonaEngine.test.js","startTime":1789333010226,"status":"passed","summary":""},{"assertionResults":[{"ancestorTitles":["OutcomeTracker Unit Tests","Record outcome metrics"],"duration":4,"failing":false,"failureDetails":[],"failureMessages":[],"fullName":"OutcomeTracker Unit Tests Record outcome metrics should calculate avgLatency correctly when some outcomes lack duration","invocations":1,"location":null,"numPassingAsserts":7,"retryReasons":[],"startAt":1789333010962,"status":"passed","title":"should calculate avgLatency correctly when some outcomes lack duration"}],"endTime":1789333010968,"message":"","name":"C:\\Users\\barry\\Desktop\\MAX\\test\\unit\\core\\OutcomeTracker.test.js","startTime":1789333010743,"status":"passed","summary":""},{"assertionResults":[{"ancestorTitles":["HivemindAssemblyLine Subsystem"],"duration":2,"failing":false,"failureDetails":[],"failureMessages":[],"fullName":"HivemindAssemblyLine Subsystem should initialize with emerging AGI concepts","invocations":1,"location":null,"numPassingAsserts":0,"retryReasons":[],"startAt":1789333011148,"status":"passed","title":"should initialize with emerging AGI concepts"},{"ancestorTitles":["HivemindAssemblyLine Subsystem"],"duration":10,"failing":false,"failureDetails":[],"failureMessages":[],"fullName":"HivemindAssemblyLine Subsystem should execute an assembly cycle and emit capability payload to SOMA Queen","invocations":1,"location":null,"numPassingAsserts":0,"retryReasons":[],"startAt":1789333011151,"status":"passed","title":"should execute an assembly cycle and emit capability payload to SOMA Queen"}],"endTime":1789333011163,"message":"","name":"C:\\Users\\barry\\Desktop\\MAX\\test\\unit\\core\\HivemindAssemblyLine.test.js","startTime":1789333010976,"status":"passed","summary":""},{"assertionResults":[{"ancestorTitles":["Heartbeat"],"duration":14,"failing":false,"failureDetails":[],"failureMessages":[],"fullName":"Heartbeat stops cleanly and clears the scheduled tick","invocations":1,"location":null,"numPassingAsserts":4,"retryReasons":[],"startAt":1789333011340,"status":"passed","title":"stops cleanly and clears the scheduled tick"},{"ancestorTitles":["Heartbeat"],"duration":3,"failing":false,"failureDetails":[],"failureMessages":[],"fullName":"Heartbeat does not run a tick after stop","invocations":1,"location":null,"numPassingAsserts":1,"retryReasons":[],"startAt":1789333011355,"status":"passed","title":"does not run a tick after stop"}],"endTime":1789333011359,"message":"","name":"C:\\Users\\barry\\Desktop\\MAX\\test\\unit\\core\\Heartbeat.test.js","startTime":1789333011173,"status":"passed","summary":""},{"assertionResults":[{"ancestorTitles":["RemoteSwarmWorker real protocol"],"duration":112,"failing":false,"failureDetails":[],"failureMessages":[],"fullName":"RemoteSwarmWorker real protocol registers and probes a real worker endpoint","invocations":1,"location":null,"numPassingAsserts":0,"retryReasons":[],"startAt":1789333010620,"status":"passed","title":"registers and probes a real worker endpoint"},{"ancestorTitles":["RemoteSwarmWorker real protocol"],"duration":263,"failing":false,"failureDetails":[],"failureMessages":[],"fullName":"RemoteSwarmWorker real protocol dispatches over HTTP and requires a hashed completion receipt","invocations":1,"location":null,"numPassingAsserts":0,"retryReasons":[],"startAt":1789333010734,"status":"passed","title":"dispatches over HTTP and requires a hashed completion receipt"},{"ancestorTitles":["RemoteSwarmWorker real protocol"],"duration":237,"failing":false,"failureDetails":[],"failureMessages":[],"fullName":"RemoteSwarmWorker real protocol deduplicates the same task instead of spending twice","invocations":1,"location":null,"numPassingAsserts":0,"retryReasons":[],"startAt":1789333010997,"status":"passed","title":"deduplicates the same task instead of spending twice"},{"ancestorTitles":["RemoteSwarmWorker real protocol"],"duration":269,"failing":false,"failureDetails":[],"failureMessages":[],"fullName":"RemoteSwarmWorker real protocol coordinates SOMA improvement analysis through the Prime endpoint","invocations":1,"location":null,"numPassingAsserts":0,"retryReasons":[],"startAt":1789333011234,"status":"passed","title":"coordinates SOMA improvement analysis through the Prime endpoint"},{"ancestorTitles":["RemoteSwarmWorker real protocol"],"duration":10,"failing":false,"failureDetails":[],"failureMessages":[],"fullName":"RemoteSwarmWorker real protocol rejects unauthenticated cluster requests","invocations":1,"location":null,"numPassingAsserts":0,"retryReasons":[],"startAt":1789333011503,"status":"passed","title":"rejects unauthenticated cluster requests"}],"endTime":1789333011522,"message":"","name":"C:\\Users\\barry\\Desktop\\MAX\\test\\unit\\core\\RemoteSwarmWorker.test.js","startTime":1789333009892,"status":"passed","summary":""},{"assertionResults":[{"ancestorTitles":["GoalEngine","addGoal"],"duration":17,"failing":false,"failureDetails":[],"failureMessages":[],"fullName":"GoalEngine addGoal returns a string id starting with goal_","invocations":1,"location":null,"numPassingAsserts":2,"retryReasons":[],"startAt":1789333011594,"status":"passed","title":"returns a string id starting with goal_"},{"ancestorTitles":["GoalEngine","addGoal"],"duration":6,"failing":false,"failureDetails":[],"failureMessages":[],"fullName":"GoalEngine addGoal stores the goal so it appears in listActive()","invocations":1,"location":null,"numPassingAsserts":2,"retryReasons":[],"startAt":1789333011612,"status":"passed","title":"stores the goal so it appears in listActive()"},{"ancestorTitles":["GoalEngine","addGoal"],"duration":8,"failing":false,"failureDetails":[],"failureMessages":[],"fullName":"GoalEngine addGoal increments stats.created","invocations":1,"location":null,"numPassingAsserts":1,"retryReasons":[],"startAt":1789333011618,"status":"passed","title":"increments stats.created"},{"ancestorTitles":["GoalEngine","deduplication"],"duration":6,"failing":false,"failureDetails":[],"failureMessages":[],"fullName":"GoalEngine deduplication returns the existing id when the same title is added twice","invocations":1,"location":null,"numPassingAsserts":2,"retryReasons":[],"startAt":1789333011626,"status":"passed","title":"returns the existing id when the same title is added twice"},{"ancestorTitles":["GoalEngine","deduplication"],"duration":4,"failing":false,"failureDetails":[],"failureMessages":[],"fullName":"GoalEngine deduplication is case-insensitive for duplicate detection","invocations":1,"location":null,"numPassingAsserts":1,"retryReasons":[],"startAt":1789333011632,"status":"passed","title":"is case-insensitive for duplicate detection"},{"ancestorTitles":["GoalEngine","listActive()"],"duration":20,"failing
[...]
ges":[],"fullName":"MAX Cluster Upgrades TriBrainConsensus extracts scores correctly from model output text","invocations":1,"location":null,"numPassingAsserts":1,"retryReasons":[],"startAt":1789333013346,"status":"passed","title":"extracts scores correctly from model output text"}],"endTime":1789333013349,"message":"","name":"C:\\Users\\barry\\Desktop\\MAX\\test\\unit\\core\\ClusterUpgrades.test.js","startTime":1789333013010,"status":"passed","summary":""},{"assertionResults":[{"ancestorTitles":[],"duration":49,"failing":false,"failureDetails":[],"failureMessages":[],"fullName":"DiscordUIFactory component generation","invocations":1,"location":null,"numPassingAsserts":0,"retryReasons":[],"startAt":1789333013529,"status":"passed","title":"DiscordUIFactory component generation"},{"ancestorTitles":[],"duration":7,"failing":false,"failureDetails":[],"failureMessages":[],"fullName":"DiscordCodeEvaluator sandboxed runner","invocations":1,"location":null,"numPassingAsserts":0,"retryReasons":[],"startAt":1789333013579,"status":"passed","title":"DiscordCodeEvaluator sandboxed runner"},{"ancestorTitles":[],"duration":17,"failing":false,"failureDetails":[],"failureMessages":[],"fullName":"DiscordDPOHarvester active learning","invocations":1,"location":null,"numPassingAsserts":0,"retryReasons":[],"startAt":1789333013586,"status":"passed","title":"DiscordDPOHarvester active learning"},{"ancestorTitles":[],"duration":10,"failing":false,"failureDetails":[],"failureMessages":[],"fullName":"DiscordStandupScheduler and FinanceRadar","invocations":1,"location":null,"numPassingAsserts":0,"retryReasons":[],"startAt":1789333013603,"status":"passed","title":"DiscordStandupScheduler and FinanceRadar"}],"endTime":1789333013618,"message":"","name":"C:\\Users\\barry\\Desktop\\MAX\\test\\unit\\core\\DiscordCommandCenter.test.js","startTime":1789333011739,"status":"passed","summary":""},{"assertionResults":[{"ancestorTitles":["ClusterControlPlane shared coordination"],"duration":64,"failing":false,"failureDetails":[],"failureMessages":[],"fullName":"ClusterControlPlane shared coordination elects one coordinator and atomically shares budget reservations","invocations":1,"location":null,"numPassingAsserts":0,"retryReasons":[],"startAt":1789333013671,"status":"passed","title":"elects one coordinator and atomically shares budget reservations"}],"endTime":1789333013738,"message":"","name":"C:\\Users\\barry\\Desktop\\MAX\\test\\unit\\core\\ClusterControlPlane.test.js","startTime":1789333013368,"status":"passed","summary":""},{"assertionResults":[{"ancestorTitles":["BuildLoop","_extractFilePaths"],"duration":3,"failing":false,"failureDetails":[],"failureMessages":[],"fullName":"BuildLoop _extractFilePaths extracts valid file paths and ignores http URLs","invocations":1,"location":null,"numPassingAsserts":3,"retryReasons":[],"startAt":1789333013909,"status":"passed","title":"extracts valid file paths and ignores http URLs"},{"ancestorTitles":["BuildLoop","_research"],"duration":3,"failing":false,"failureDetails":[],"failureMessages":[],"fullName":"BuildLoop _research greps keywords and reads discovered files","invocations":1,"location":null,"numPassingAsserts":2,"retryReasons":[],"startAt":1789333013913,"status":"passed","title":"greps keywords and reads discovered files"},{"ancestorTitles":["BuildLoop","_draft"],"duration":2,"failing":false,"failureDetails":[],"failureMessages":[],"fullName":"BuildLoop _draft calls brain to generate implementation plan","invocations":1,"location":null,"numPassingAsserts":2,"retryReasons":[],"startAt":1789333013916,"status":"passed","title":"calls brain to generate implementation plan"},{"ancestorTitles":["BuildLoop","_execute"],"duration":10,"failing":false,"failureDetails":[],"failureMessages":[],"fullName":"BuildLoop _execute delegates to max.executeAgenticThink and extracts modified files","invocations":1,"location":null,"numPassingAsserts":2,"retryReasons":[],"startAt":1789333013919,"status":"passed","title":"delegates to max.executeAgenticThink and extracts modified files"},{"ancestorTitles":["BuildLoop","_verify"],"duration":1,"failing":false,"failureDetails":[],"failureMessages":[],"fullName":"BuildLoop _verify runs verifyCommand if present","invocations":1,"location":null,"numPassingAsserts":2,"retryReasons":[],"startAt":1789333013930,"status":"passed","title":"runs verifyCommand if present"},{"ancestorTitles":["BuildLoop","_verify"],"duration":1,"failing":false,"failureDetails":[],"failureMessages":[],"fullName":"BuildLoop _verify uses git evidence and brain verification if no verifyCommand","invocations":1,"location":null,"numPassingAsserts":2,"retryReasons":[],"startAt":1789333013932,"status":"passed","title":"uses git evidence and brain verification if no verifyCommand"},{"ancestorTitles":["BuildLoop","run (full lifecycle)"],"duration":4,"failing":false,"failureDetails":[],"failureMessages":[],"fullName":"BuildLoop run (full lifecycle) completes the build loop successfully","invocations":1,"location":null,"numPassingAsserts":2,"retryReasons":[],"startAt":1789333013934,"status":"passed","title":"completes the build loop successfully"}],"endTime":1789333013941,"message":"","name":"C:\\Users\\barry\\Desktop\\MAX\\test\\unit\\core\\BuildLoop.test.js","startTime":1789333013634,"status":"passed","summary":""},{"assertionResults":[{"ancestorTitles":["AutonomyPolicy","read actions"],"duration":5,"failing":false,"failureDetails":[],"failureMessages":[],"fullName":"AutonomyPolicy read actions allows file.read at every level except off","invocations":1,"location":null,"numPassingAsserts":4,"retryReasons":[],"startAt":1789333013991,"status":"passed","title":"allows file.read at every level except off"},{"ancestorTitles":["AutonomyPolicy","read actions"],"duration":1,"failing":false,"failureDetails":[],"failureMessages":[],"fullName":"AutonomyPolicy read actions blocks all agent actions when level is off","invocations":1,"location":null,"numPassingAsserts":1,"retryReasons":[],"startAt":1789333013998,"status":"passed","title":"blocks all agent actions when level is off"},{"ancestorTitles":["AutonomyPolicy","read actions"],"duration":1,"failing":false,"failureDetails":[],"failureMessages":[],"fullName":"AutonomyPolicy read actions allows ui-sourced actions even when level is off","invocations":1,"location":null,"numPassingAsserts":1,"retryReasons":[],"startAt":1789333014000,"status":"passed","title":"allows ui-sourced actions even when level is off"},{"ancestorTitles":["AutonomyPolicy","write actions"],"duration":1,"failing":false,"failureDetails":[],"failureMessages":[],"fullName":"AutonomyPolicy write actions blocks file.write at observe level","invocations":1,"location":null,"numPassingAsserts":1,"retryReasons":[],"startAt":1789333014001,"status":"passed","title":"blocks file.write at observe level"},{"ancestorTitles":["AutonomyPolicy","write actions"],"duration":1,"failing":false,"failureDetails":[],"failureMessages":[],"fullName":"AutonomyPolicy write actions allows file.write at act level","invocations":1,"location":null,"numPassingAsserts":1,"retryReasons":[],"startAt":1789333014002,"status":"passed","title":"allows file.write at act level"},{"ancestorTitles":["AutonomyPolicy","external send"],"duration":1,"failing":false,"failureDetails":[],"failureMessages":[],"fullName":"AutonomyPolicy external send blocks discord.send when externalSend is false","invocations":1,"location":null,"numPassingAsserts":1,"retryReasons":[],"startAt":1789333014003,"status":"passed","title":"blocks discord.send when externalSend is false"},{"ancestorTitles":["AutonomyPolicy","external send"],"duration":1,"failing":false,"failureDetails":[],"failureMessages":[],"fullName":"AutonomyPolicy external send allows discord.send when externalSend is true","invocations":1,"location":null,"numPassingAsserts":1,"retryReasons":[],"startAt":1789333014004,"status":"passed","title":"allows discord.send when externalSend is true"},{"ancestorTitles":["AutonomyPolicy","stats tracking"],"duration":2,"failing":false,"failureDetails":[],"failureMessages":[],"fullName":"AutonomyPolicy stats tracking increments checked, allowed, blocked counters correctly","invocations":1,"location":null,"numPassingAsserts":3,"retryReasons":[],"startAt":1789333014005,"status":"passed","title":"increments checked, allowed, blocked counters correctly"},{"ancestorTitles":["AutonomyPolicy","stats tracking"],"duration":2,"failing":false,"failureDetails":[],"failureMessages":[],"fullName":"AutonomyPolicy stats tracking records lastDecision with tool/action/allowed/ts","invocations":1,"location":null,"numPassingAsserts":3,"retryReasons":[],"startAt":1789333014007,"status":"passed","title":"records lastDecision with tool/action/allowed/ts"}],"endTime":1789333014012,"message":"","name":"C:\\Users\\barry\\Desktop\\MAX\\test\\unit\\core\\AutonomyPolicy.test.js","startTime":1789333013755,"status":"passed","summary":""},{"assertionResults":[{"ancestorTitles":["AttentionEngine Unit Tests","Initialization"],"duration":4,"failing":false,"failureDetails":[],"failureMessages":[],"fullName":"AttentionEngine Unit Tests Initialization should initialize with default weights and config","invocations":1,"location":null,"numPassingAsserts":4,"retryReasons":[],"startAt":1789333014208,"status":"passed","title":"should initialize with default weights and config"},{"ancestorTitles":["AttentionEngine Unit Tests","Scoring Signals"],"duration":4,"failing":false,"failureDetails":[],"failureMessages":[],"fullName":"AttentionEngine Unit Tests Scoring Signals should score high urgency for emergency words","invocations":1,"location":null,"numPassingAsserts":2,"retryReasons":[],"startAt":1789333014213,"status":"passed","title":"should score high urgency for emergency words"},{"ancestorTitles":["AttentionEngine Unit Tests","Scoring Signals"],"duration":2,"failing":false,"failureDetails":[],"failureMessages":[],"fullName":"AttentionEngine Unit Tests Scoring Signals should score low intent for simple phrasal replies","invocations":1,"location":null,"numPassingAsserts":3,"retryReasons":[],"startAt":1789333014218,"status":"passed","title":"should score low intent for simple phrasal replies"},{"ancestorTitles":["AttentionEngine Unit Tests","Scoring Signals"],"duration":2,"failing":false,"failureDetails":[],"failureMessages":[],"fullName":"AttentionEngine Unit Tests Scoring Signals should match goal keywords correctly","invocations":1,"location":null,"numPassingAsserts":2,"retryReasons":[],"startAt":1789333014220,"status":"passed","title":"should match goal keywords correctly"},{"ancestorTitles":["AttentionEngine Unit Tests","Scoring Signals"],"duration":1,"failing":false,"failureDetails":[],"failureMessages":[],"fullName":"AttentionEngine Unit Tests Scoring Signals should detect emotions correctly","invocations":1,"location":null,"numPassingAsserts":2,"retryReasons":[],"startAt":1789333014222,"status":"passed","title":"should detect emotions correctly"},{"ancestorTitles":["AttentionEngine Unit Tests","Tension Management"],"duration":2,"failing":false,"failureDetails":[],"failureMessages":[],"fullName":"AttentionEngine Unit Tests Tension Management should support adding and resolving tensions","invocations":1,"location":null,"numPassingAsserts":4,"retryReasons":[],"startAt":1789333014223,"status":"passed","title":"should support adding and resolving tensions"},{"ancestorTitles":["AttentionEngine Unit Tests","Tension Management"],"duration":1,"failing":false,"failureDetails":[],"failureMessages":[],"fullName":"AttentionEngine Unit Tests Tension Management should decay active tensions periodically","invocations":1,"location":null,"numPassingAsserts":3,"retryReasons":[],"startAt":1789333014225,"status":"passed","title":"should decay active tensions periodically"},{"ancestorTitles":["AttentionEngine Unit Tests","Memory Actions"],"duration":1,"failing":false,"failureDetails":[],"failureMessages":[],"fullName":"AttentionEngine Unit Tests Memory Actions should map scores to memory actions correctly","invocations":1,"location":null,"numPassingAsserts":3,"retryReasons":[],"startAt":1789333014226,"status":"passed","title":"should map scores to memory actions correctly"}],"endTime":1789333014229,"message":"","name":"C:\\Users\\barry\\Desktop\\MAX\\test\\unit\\core\\AttentionEngine.test.js","startTime":1789333013954,"status":"passed","summary":""},{"assertionResults":[],"coverage":{},"endTime":1789333015400,"message":"  ● Test suite failed to run\n\n    Your test suite must contain at least one test.\n\n      at onResult (node_modules/@jest/core/build/index.js:1057:18)\n      at node_modules/@jest/core/build/index.js:1127:165\n      at node_modules/emittery/index.js:363:13\n          at Array.map (<anonymous>)\n      at Emittery.emit (node_modules/emittery/index.js:361:23)\n","name":"C:\\Users\\barry\\Desktop\\MAX\\test\\unit\\core\\ArtifactManager.test.js","startTime":1789333015400,"status":"failed","summary":""},{"assertionResults":[{"ancestorTitles":["Choko Progression & Reward Engine"],"duration":10,"failing":false,"failureDetails":[],"failureMessages":[],"fullName":"Choko Progression & Reward Engine initializes with default level 1 and sparkles","invocations":1,"location":null,"numPassingAsserts":4,"retryReasons":[],"startAt":1789333014512,"status":"passed","title":"initializes with default level 1 and sparkles"},{"ancestorTitles":["Choko Progression & Reward Engine"],"duration":11,"failing":false,"failureDetails":[],"failureMessages":[],"fullName":"Choko Progression & Reward Engine awards XP and Sparkles for scout reports","invocations":1,"location":null,"numPassingAsserts":4,"retryReasons":[],"startAt":1789333014524,"status":"passed","title":"awards XP and Sparkles for scout reports"},{"ancestorTitles":["Choko Progression & Reward Engine"],"duration":11,"failing":false,"failureDetails":[],"failureMessages":[],"fullName":"Choko Progression & Reward Engine levels up when XP passes threshold","invocations":1,"location":null,"numPassingAsserts":3,"retryReasons":[],"startAt":1789333014535,"status":"passed","title":"levels up when XP passes threshold"},{"ancestorTitles":["Choko Progression & Reward Engine"],"duration":8,"failing":false,"failureDetails":[],"failureMessages":[],"fullName":"Choko Progression & Reward Engine checks evolution eligibility based on sparkles","invocations":1,"location":null,"numPassingAsserts":4,"retryReasons":[],"startAt":1789333014546,"status":"passed","title":"checks evolution eligibility based on sparkles"},{"ancestorTitles":["Choko Progression & Reward Engine"],"duration":11,"failing":false,"failureDetails":[],"failureMessages":[],"fullName":"Choko Progression & Reward Engine grants evolution, deducts cost, and unlocks hat","invocations":1,"location":null,"numPassingAsserts":5,"retryReasons":[],"startAt":1789333014554,"status":"passed","title":"grants evolution, deducts cost, and unlocks hat"}],"endTime":1789333014567,"message":"","name":"C:\\Users\\barry\\Desktop\\MAX\\test\\unit\\choko\\Progression.test.js","startTime":1789333014276,"status":"passed","summary":""},{"assertionResults":[{"ancestorTitles":["AgentLoop","construction"],"duration":4,"failing":false,"failureDetails":[],"failureMessages":[],"fullName":"AgentLoop construction initializes stats to zero","invocations":1,"location":null,"numPassingAsserts":3,"retryReasons":[],"startAt":1789333014801,"status":"passed","title":"initializes stats to zero"},{"ancestorTitles":["AgentLoop","construction"],"duration":1,"failing":false,"failureDetails":[],"failureMessages":[],"fullName":"AgentLoop construction starts in non-busy state","invocations":1,"location":null,"numPassingAsserts":1,"retryReasons":[],"startAt":1789333014806,"status":"passed","title":"starts in non-busy state"},{"ancestorTitles":["AgentLoop","construction"],"duration":1,"failing":false,"failureDetails":[],"failureMessages":[],"fullName":"AgentLoop construction has no pending approval on construction","invocations":1,"location":null,"numPassingAsserts":2,"retryReasons":[],"startAt":1789333014807,"status":"passed","title":"has no pending approval on construction"},{"ancestorTitles":["AgentLoop","approve() / deny()"],"duration":1,"failing":false,"failureDetails":[],"failureMessages":[],"fullName":"AgentLoop approve() / deny() approve() returns false when no pending approval","invocations":1,"location":null,"numPassingAsserts":1,"retryReasons":[],"startAt":1789333014809,"status":"passed","title":"approve() returns false when no pending approval"},{"ancestorTitles":["AgentLoop","approve() / deny()"],"duration":1,"failing":false,"failureDetails":[],"failureMessages":[],"fullName":"AgentLoop approve() / deny() deny() returns false when no pending approval","invocations":1,"location":null,"numPassingAsserts":1,"retryReasons":[],"startAt":1789333014810,"status":"passed","title":"deny() returns false when no pending approval"},{"ancestorTitles":["AgentLoop","approve() / deny()"],"duration":1,"failing":false,"failureDetails":[],"failureMessages":[],"fullName":"AgentLoop approve() / deny() approve() resolves pending approval with true","invocations":1,"location":null,"numPassingAsserts":2,"retryReasons":[],"startAt":1789333014811,"status":"passed","title":"approve() resolves pending approval with true"},{"ancestorTitles":["AgentLoop","approve() / deny()"],"duration":1,"failing":false,"failureDetails":[],"failureMessages":[],"fullName":"AgentLoop approve() / deny() deny() resolves pending approval with false","invocations":1,"location":null,"numPassingAsserts":2,"retryReasons":[],"startAt":1789333014812,"status":"passed","title":"deny() resolves pending approval with false"},{"ancestorTitles":["AgentLoop","runCycle()"],"duration":19,"failing":false,"failureDetails":[],"failureMessages":[],"fullName":"AgentLoop runCycle() increments cyclesRun on each call","invocations":1,"location":null,"numPassingAsserts":1,"retryReasons":[],"startAt":1789333014813,"status":"passed","title":"increments cyclesRun on each call"},{"ancestorTitles":["AgentLoop","runCycle()"],"duration":1,"failing":false,"failureDetails":[],"failureMessages":[],"fullName":"AgentLoop runCycle() returns null when no goals are available","invocations":1,"location":null,"numPassingAsserts":1,"retryReasons":[],"startAt":1789333014832,"status":"passed","title":"returns null when no goals are available"},{"ancestorTitles":["AgentLoop","runCycle()"],"duration":2,"failing":false,"failureDetails":[],"failureMessages":[],"fullName":"AgentLoop runCycle() calls drive.onIdleTick() when no goal found","invocations":1,"location":null,"numPassingAsserts":1,"retryReasons":[],"startAt":1789333014833,"status":"passed","title":"calls drive.onIdleTick() when no goal found"},{"ancestorTitles":["AgentLoop","runCycle()"],"duration":1,"failing":false,"failureDetails":[],"failureMessages":[],"fullName":"AgentLoop runCycle() sets _busy to false after cycle completes","invocations":1,"location":null,"numPassingAsserts":1,"retryReasons":[],"startAt":1789333014835,"status":"passed","title":"sets _busy to false after cycle completes"},{"ancestorTitles":["AgentLoop","runCycle()"],"duration":0,"failing":false,"failureDetails":[],"failureMessages":[],"fullName":"AgentLoop runCycle() queues a pending cycle instead of running concurrently","invocations":1,"location":null,"numPassingAsserts":1,"retryReasons":[],"startAt":1789333014837,"status":"passed","title":"queues a pending cycle instead of running concurrently"},{"ancestorTitles":["AgentLoop","getStatus()"],"duration":1,"failing":false,"failureDetails":[],"failureMessages":[],"fullName":"AgentLoop getStatus() returns stats and pending approval state","invocations":1,"location":null,"numPassingAsserts":2,"retryReasons":[],"startAt":1789333014837,"status":"passed","title":"returns stats and pending approval state"}],"endTime":1789333014840,"message":"","name":"C:\\Users\\barry\\Desktop\\MAX\\test\\unit\\core\\AgentLoop.test.js","startTime":1789333014262,"status":"passed","summary":""}],"wasInterrupted":false}
